<?xml version="1.0" encoding="UTF-8"?>
<!-- Generated by org.testng.reporters.JUnitReportReporter -->
<testsuite hostname="BhargavAnanth" failures="0" tests="1" name="testNG.ProceedToCheckout" time="38.885" errors="0" timestamp="2025-03-27T17:58:51 IST" skipped="0">
  <testcase classname="testNG.ProceedToCheckout" name="testAddToCartAndProceedToCheckout" time="38.885"/>
</testsuite> <!-- testNG.ProceedToCheckout -->
