<?xml version="1.0" encoding="UTF-8"?>
<!-- Generated by org.testng.reporters.JUnitReportReporter -->
<testsuite hostname="BhargavAnanth" failures="0" tests="1" name="testRunner.ProductSearchAddToCartTestRunner" time="124.763" errors="0" timestamp="2025-03-27T14:18:12 IST" skipped="0">
  <testcase classname="testRunner.ProductSearchAddToCartTestRunner" name="runScenario" time="124.763"/>
</testsuite> <!-- testRunner.ProductSearchAddToCartTestRunner -->
