<?xml version="1.0" encoding="UTF-8"?>
<!-- Generated by org.testng.reporters.JUnitReportReporter -->
<testsuite hostname="BhargavAnanth" failures="0" tests="1" name="testNG.MultipleProducts" time="39.544" errors="0" timestamp="2025-03-27T17:54:39 IST" skipped="0">
  <testcase classname="testNG.MultipleProducts" name="testAddRandomMenHoodiesToCartAndCheckout" time="39.544"/>
</testsuite> <!-- testNG.MultipleProducts -->
