<?xml version="1.0" encoding="UTF-8"?>
<!-- Generated by org.testng.reporters.JUnitReportReporter -->
<testsuite hostname="BhargavAnanth" failures="0" tests="1" name="testRunner.UserRegistrationTestRunner" time="12.779" errors="0" timestamp="2025-03-23T19:50:36 IST" skipped="0">
  <testcase classname="testRunner.UserRegistrationTestRunner" name="runScenario" time="12.779"/>
</testsuite> <!-- testRunner.UserRegistrationTestRunner -->
