<?xml version="1.0" encoding="UTF-8"?>
<!-- Generated by org.testng.reporters.JUnitReportReporter -->
<testsuite hostname="BhargavAnanth" failures="0" tests="1" name="testRunner.LogoutTestRunner" time="44.670" errors="0" timestamp="2025-03-23T19:49:29 IST" skipped="0">
  <testcase classname="testRunner.LogoutTestRunner" name="runScenario" time="44.670"/>
</testsuite> <!-- testRunner.LogoutTestRunner -->
