<?xml version="1.0" encoding="UTF-8"?>
<!-- Generated by org.testng.reporters.JUnitReportReporter -->
<testsuite hostname="BhargavAnanth" failures="0" tests="1" name="testRunner.LogoutTestRunner" time="224.077" errors="0" timestamp="2025-03-27T14:18:12 IST" skipped="0">
  <testcase classname="testRunner.LogoutTestRunner" name="runScenario" time="224.077"/>
</testsuite> <!-- testRunner.LogoutTestRunner -->
